ERROR: SQLSTATE[28000] [1045] Access denied for user 'bunnybux_xyz'@'localhost' (using password: YES) - / at Wednesday 29th of January, 2020, 10:42:14 AM
ERROR: SQLSTATE[42000] [1044] Access denied for user 'bunntsjk_xzy'@'localhost' to database 'bunntsjk_xyz' - / at Wednesday 29th of January, 2020, 10:44:36 AM
ERROR: SQLSTATE[42000] [1044] Access denied for user 'bunntsjk_xzy'@'localhost' to database 'bunntsjk_xyz' - / at Wednesday 29th of January, 2020, 10:44:41 AM
ERROR: SQLSTATE[42000] [1044] Access denied for user 'bunntsjk_xzy'@'localhost' to database 'bunntsjk_xyz' - / at Wednesday 29th of January, 2020, 10:44:42 AM
ERROR: SQLSTATE[42000] [1044] Access denied for user 'bunntsjk_xzy'@'localhost' to database 'bunntsjk_xyz' - / at Wednesday 29th of January, 2020, 10:44:42 AM
ERROR: SQLSTATE[42000] [1044] Access denied for user 'bunntsjk_xzy'@'localhost' to database 'bunntsjk_xyz' - / at Wednesday 29th of January, 2020, 10:46:07 AM
ERROR: SQLSTATE[42000] [1044] Access denied for user 'bunntsjk_xzy'@'localhost' to database 'bunntsjk_xyz' - / at Wednesday 29th of January, 2020, 10:46:09 AM
ERROR: SQLSTATE[42000] [1044] Access denied for user 'bunntsjk_xzy'@'server258.web-hosting.com' to database 'bunntsjk_xyz' - / at Wednesday 29th of January, 2020, 10:46:46 AM
ERROR: SQLSTATE[42000] [1044] Access denied for user 'bunntsjk_xzy'@'server258.web-hosting.com' to database 'bunntsjk_xyz' - / at Wednesday 29th of January, 2020, 10:46:48 AM
ERROR: SQLSTATE[42000] [1044] Access denied for user 'bunntsjk_xzy'@'server258.web-hosting.com' to database 'bunntsjk_xyz' - / at Wednesday 29th of January, 2020, 10:48:32 AM
ERROR: SQLSTATE[42000] [1044] Access denied for user 'bunntsjk_xzy'@'server258.web-hosting.com' to database 'bunntsjk_xyz' - / at Wednesday 29th of January, 2020, 10:54:52 AM
ERROR: SQLSTATE[42000] [1044] Access denied for user 'bunntsjk_xzy'@'server258.web-hosting.com' to database 'bunntsjk_xyz' - / at Wednesday 29th of January, 2020, 11:00:15 AM
ERROR: SQLSTATE[42000] [1044] Access denied for user 'bunntsjk_xzy'@'server258.web-hosting.com' to database 'bunntsjk_xyz' - / at Wednesday 29th of January, 2020, 11:00:15 AM
ERROR: SQLSTATE[42000] [1044] Access denied for user 'bunntsjk_xzy'@'server258.web-hosting.com' to database 'bunntsjk_xyz' - / at Wednesday 29th of January, 2020, 11:00:25 AM
ERROR: SQLSTATE[42000] [1044] Access denied for user 'bunntsjk_xzy'@'server258.web-hosting.com' to database 'bunntsjk_xyz' - / at Wednesday 29th of January, 2020, 11:00:28 AM
ERROR: SQLSTATE[42000] [1044] Access denied for user 'bunntsjk_xzy'@'server258.web-hosting.com' to database 'bunntsjk_xyz' - / at Wednesday 29th of January, 2020, 11:03:07 AM
ERROR: SQLSTATE[42000] [1044] Access denied for user 'bunntsjk_xzy'@'server258.web-hosting.com' to database 'bunntsjk_xyz' - / at Wednesday 29th of January, 2020, 11:03:09 AM
ERROR: SQLSTATE[42000] [1044] Access denied for user 'bunntsjk_xzy'@'198.54.125.27' to database 'bunntsjk_xyz' - / at Wednesday 29th of January, 2020, 11:31:09 AM
ERROR: SQLSTATE[42000] [1044] Access denied for user 'bunntsjk_xzy'@'localhost' to database 'bunntsjk_xyz' - / at Wednesday 29th of January, 2020, 11:32:35 AM
ERROR: SQLSTATE[42000] [1044] Access denied for user 'bunntsjk_xzy'@'localhost' to database 'bunntsjk_xyz' - / at Wednesday 29th of January, 2020, 11:32:35 AM
ERROR: SQLSTATE[42000] [1044] Access denied for user 'bunntsjk_xzy'@'localhost' to database 'bunntsjk_xyz' - / at Wednesday 29th of January, 2020, 11:35:52 AM
ERROR: SQLSTATE[42000] [1044] Access denied for user 'bunntsjk_xzy'@'localhost' to database 'bunntsjk_xyz' - / at Wednesday 29th of January, 2020, 11:36:02 AM
ERROR: SQLSTATE[42000] [1044] Access denied for user 'bunntsjk_xzy'@'localhost' to database 'bunntsjk_xyz' - / at Wednesday 29th of January, 2020, 11:37:42 AM
ERROR: SQLSTATE[42000] [1044] Access denied for user 'bunntsjk_123'@'localhost' to database 'bunntsjk_xyz' - / at Wednesday 29th of January, 2020, 11:37:54 AM
ERROR: SQLSTATE[42000] [1044] Access denied for user 'bunntsjk_123'@'localhost' to database 'bunntsjk_xyz' - / at Wednesday 29th of January, 2020, 11:37:56 AM
ERROR: SQLSTATE[42000] [1044] Access denied for user 'bunntsjk_123'@'localhost' to database 'bunntsjk_xyz' - / at Wednesday 29th of January, 2020, 11:38:05 AM
ERROR: SQLSTATE[42000] [1044] Access denied for user 'bunntsjk_123'@'localhost' to database 'bunntsjk_xyz' - / at Wednesday 29th of January, 2020, 11:39:07 AM
ERROR: SQLSTATE[42000] [1044] Access denied for user 'bunntsjk_123'@'localhost' to database 'bunntsjk_xyz' - / at Wednesday 29th of January, 2020, 11:39:11 AM
ERROR: SQLSTATE[28000] [1045] Access denied for user 'bunntsjk_123'@'localhost' (using password: YES) - /?page=idpass at Saturday 7th of March, 2020, 08:01:33 AM
ERROR: SQLSTATE[28000] [1045] Access denied for user 'bunntsjk_123'@'localhost' (using password: YES) - /?page=group at Saturday 7th of March, 2020, 08:01:39 AM
ERROR: SQLSTATE[28000] [1045] Access denied for user 'bunntsjk_123'@'localhost' (using password: YES) - /?page=group at Saturday 7th of March, 2020, 08:01:42 AM
ERROR: SQLSTATE[HY000] [2002] Can't connect to local MySQL server through socket '/var/lib/mysql/mysql.sock' (2) - / at Monday 16th of March, 2020, 08:38:04 AM
ERROR: SQLSTATE[HY000] [2002] Can't connect to local MySQL server through socket '/var/lib/mysql/mysql.sock' (2) - / at Monday 16th of March, 2020, 08:38:04 AM
ERROR: SQLSTATE[HY000] [2002] Can't connect to local MySQL server through socket '/var/lib/mysql/mysql.sock' (2) - / at Monday 16th of March, 2020, 08:41:39 AM
ERROR: SQLSTATE[HY000] [2002] Can't connect to local MySQL server through socket '/var/lib/mysql/mysql.sock' (2) - / at Monday 16th of March, 2020, 08:41:41 AM
ERROR: SQLSTATE[HY000] [2002] Can't connect to local MySQL server through socket '/var/lib/mysql/mysql.sock' (2) - / at Monday 16th of March, 2020, 08:41:46 AM
ERROR: SQLSTATE[HY000] [2002] Can't connect to local MySQL server through socket '/var/lib/mysql/mysql.sock' (2) - / at Monday 16th of March, 2020, 08:41:46 AM
ERROR: SQLSTATE[HY000] [2002] Can't connect to local MySQL server through socket '/var/lib/mysql/mysql.sock' (2) - / at Monday 16th of March, 2020, 08:41:51 AM
ERROR: SQLSTATE[HY000] [2002] Can't connect to local MySQL server through socket '/var/lib/mysql/mysql.sock' (2) - / at Monday 16th of March, 2020, 08:41:51 AM
ERROR: SQLSTATE[HY000] [2002] Can't connect to local MySQL server through socket '/var/lib/mysql/mysql.sock' (2) - / at Monday 16th of March, 2020, 08:41:57 AM
ERROR: SQLSTATE[HY000] [2002] Can't connect to local MySQL server through socket '/var/lib/mysql/mysql.sock' (2) - / at Monday 16th of March, 2020, 08:42:04 AM
ERROR: SQLSTATE[HY000] [2002] Can't connect to local MySQL server through socket '/var/lib/mysql/mysql.sock' (2) - /_fewno1.php?login at Monday 16th of March, 2020, 08:44:45 AM
ERROR: SQLSTATE[HY000] [1045] Access denied for user 'bunntsjk_123'@'localhost' (using password: YES) - / at Sunday 22nd of March, 2020, 04:41:23 PM
ERROR: SQLSTATE[HY000] [1045] Access denied for user 'bunntsjk_123'@'localhost' (using password: YES) - / at Sunday 22nd of March, 2020, 04:41:24 PM
ERROR: SQLSTATE[HY000] [1045] Access denied for user 'bunntsjk_123'@'localhost' (using password: YES) - / at Sunday 22nd of March, 2020, 04:41:24 PM
ERROR: SQLSTATE[HY000] [1045] Access denied for user 'bunntsjk_123'@'localhost' (using password: YES) - / at Sunday 22nd of March, 2020, 04:50:06 PM
ERROR: SQLSTATE[HY000] [1045] Access denied for user 'dogbuxsh_salf'@'localhost' (using password: YES) - / at Saturday 4th of April, 2020, 08:07:11 AM
ERROR: SQLSTATE[HY000] [1045] Access denied for user 'u875731674_nobyz'@'localhost' (using password: YES) - / at Saturday 20th of June, 2020, 02:03:29 PM
